/opt/ohpc/admin/lmod/lmod/init/bash: line 71: conda: command not found
/opt/ohpc/admin/lmod/lmod/init/bash: line 71: conda: command not found
Message from TWCC HPC admin
-----------------------
loading miniconda3 with conda 4.8.4/python 3.7
docs : https://hackmd.io/@kmo/twcc_hpc_conda
-----------------------

Namespace(batch_size=32, data_path='../data', debug=False, decay_factor=0.1, decay_step=10, epochs=15, height=224, img_size=416, log_path='epoch_yolos_frozen_1_cos', log_period=50, loss_weight=0.0001, lr=0.0007, model_cfg='yoloatt_v3_split.cfg', model_name='yoloatt', multiscale_training=True, no_cuda=False, num_workers=8, obj_names='./coco.names', obj_path='./', save_period=1, see_grad=False, use_yolov3=False, weight='../weights/yoloatt_v3_split_w.pth', width=320)
Dataset : train, number : 10000
Dataset : val, number : 5000
Load Model from ../weights/yoloatt_v3_split_w.pth
only load model
117264 5000
lr =  0.0007
Epoch: 1 / Batch: 50, Att Loss: 0.570, Obj Loss: 0.000 (process time: 0.073, left time: 00h05m38s)
val loss: attention: 0.5216320753097534, obj: 32.89216995239258
lr =  0.0006950899521185815
Epoch: 1 / Batch: 100, Att Loss: 0.479, Obj Loss: 0.000 (process time: 0.078, left time: 00h05m58s)
val loss: attention: 0.5074893236160278, obj: 30.499710083007812
lr =  0.0006804977688188052
Epoch: 1 / Batch: 150, Att Loss: 0.473, Obj Loss: 0.000 (process time: 0.078, left time: 00h05m51s)
val loss: attention: 0.4953494071960449, obj: 31.158573150634766
lr =  0.0006566334547856282
Epoch: 1 / Batch: 200, Att Loss: 0.471, Obj Loss: 0.000 (process time: 0.078, left time: 00h05m48s)
val loss: attention: 0.4898975193500519, obj: 31.310983657836914
lr =  0.0006241675389149602
Epoch: 1 / Batch: 250, Att Loss: 0.471, Obj Loss: 0.000 (process time: 0.073, left time: 00h05m23s)
val loss: attention: 0.5037785768508911, obj: 34.06423568725586
lr =  0.0005840122340905723
Epoch: 1 / Batch: 300, Att Loss: 0.470, Obj Loss: 0.000 (process time: 0.069, left time: 00h05m01s)
val loss: attention: 0.4928209185600281, obj: 31.45372772216797
lr =  0.0005372958062316675
saving epoch_yolos_frozen_1_cos/yoloatt/model/weight_1
Epoch: 2 / Batch: 50, Att Loss: 0.470, Obj Loss: 0.000 (process time: 0.156, left time: 00h11m12s)
val loss: attention: 0.4919361174106598, obj: 34.60354995727539
lr =  0.0004722379669093682
Epoch: 2 / Batch: 100, Att Loss: 0.460, Obj Loss: 0.000 (process time: 0.082, left time: 00h05m51s)
val loss: attention: 0.4887275993824005, obj: 30.686264038085938
lr =  0.00041580539449678067
Epoch: 2 / Batch: 150, Att Loss: 0.453, Obj Loss: 0.000 (process time: 0.085, left time: 00h06m00s)
val loss: attention: 0.4987398386001587, obj: 34.34779739379883
lr =  0.0003575379001162722
Epoch: 2 / Batch: 200, Att Loss: 0.462, Obj Loss: 0.000 (process time: 0.082, left time: 00h05m43s)
val loss: attention: 0.4996350407600403, obj: 35.99612808227539
lr =  0.0002990726579443158
Epoch: 2 / Batch: 250, Att Loss: 0.464, Obj Loss: 0.000 (process time: 0.164, left time: 00h11m16s)
val loss: attention: 0.47637465596199036, obj: 31.344518661499023
lr =  0.00024205239838699487
Epoch: 2 / Batch: 300, Att Loss: 0.468, Obj Loss: 0.000 (process time: 0.083, left time: 00h05m36s)
val loss: attention: 0.4885956645011902, obj: 34.30845260620117
lr =  0.00018807925137070332
saving epoch_yolos_frozen_1_cos/yoloatt/model/weight_2
Epoch: 3 / Batch: 50, Att Loss: 0.465, Obj Loss: 0.000 (process time: 0.114, left time: 00h07m38s)
val loss: attention: 0.4914610981941223, obj: 36.0748176574707
lr =  0.0001276480147907863
Epoch: 3 / Batch: 100, Att Loss: 0.451, Obj Loss: 0.000 (process time: 0.093, left time: 00h06m09s)
val loss: attention: 0.4733760952949524, obj: 39.50862503051758
lr =  8.580762567797543e-05
Epoch: 3 / Batch: 150, Att Loss: 0.445, Obj Loss: 0.000 (process time: 0.071, left time: 00h04m37s)
val loss: attention: 0.4914516806602478, obj: 31.27320098876953
lr =  5.140444533064423e-05
Epoch: 3 / Batch: 200, Att Loss: 0.457, Obj Loss: 0.000 (process time: 0.105, left time: 00h06m45s)
val loss: attention: 0.4889681935310364, obj: 31.9577579498291
lr =  2.540511902935637e-05
Epoch: 3 / Batch: 250, Att Loss: 0.451, Obj Loss: 0.000 (process time: 0.135, left time: 00h08m33s)
val loss: attention: 0.4817924499511719, obj: 32.79264831542969
lr =  8.540164296423315e-06
Epoch: 3 / Batch: 300, Att Loss: 0.461, Obj Loss: 0.000 (process time: 0.069, left time: 00h04m17s)
val loss: attention: 0.48744574189186096, obj: 31.17458724975586
lr =  1.2834451390364307e-06
saving epoch_yolos_frozen_1_cos/yoloatt/model/weight_3
Epoch: 4 / Batch: 50, Att Loss: 0.468, Obj Loss: 0.000 (process time: 0.104, left time: 00h06m24s)
val loss: attention: 0.5081265568733215, obj: 31.246604919433594
lr =  0.0003405976589764733
Epoch: 4 / Batch: 100, Att Loss: 0.457, Obj Loss: 0.000 (process time: 0.100, left time: 00h06m04s)
val loss: attention: 0.4682157337665558, obj: 30.977336883544922
lr =  0.00033345813581692603
Epoch: 4 / Batch: 150, Att Loss: 0.451, Obj Loss: 0.000 (process time: 0.154, left time: 00h09m11s)
val loss: attention: 0.47977882623672485, obj: 35.98399353027344
lr =  0.00032178203367193796
Epoch: 4 / Batch: 200, Att Loss: 0.457, Obj Loss: 0.000 (process time: 0.098, left time: 00h05m45s)
val loss: attention: 0.48866307735443115, obj: 32.056427001953125
lr =  0.00030589742247341396
Epoch: 4 / Batch: 250, Att Loss: 0.460, Obj Loss: 0.000 (process time: 0.073, left time: 00h04m13s)
val loss: attention: 0.48895612359046936, obj: 32.26283264160156
lr =  0.000286250620971353
Epoch: 4 / Batch: 300, Att Loss: 0.454, Obj Loss: 0.000 (process time: 0.071, left time: 00h04m04s)
val loss: attention: 0.4891684651374817, obj: 33.36416244506836
lr =  0.0002633936562678545
saving epoch_yolos_frozen_1_cos/yoloatt/model/weight_4
Epoch: 5 / Batch: 50, Att Loss: 0.463, Obj Loss: 0.000 (process time: 0.097, left time: 00h05m26s)
val loss: attention: 0.481894850730896, obj: 35.41841506958008
lr =  0.00023156278209299544
Epoch: 5 / Batch: 100, Att Loss: 0.447, Obj Loss: 0.000 (process time: 0.093, left time: 00h05m10s)
val loss: attention: 0.4800678491592407, obj: 31.935474395751953
lr =  0.00020395199559069939
Epoch: 5 / Batch: 150, Att Loss: 0.462, Obj Loss: 0.000 (process time: 0.158, left time: 00h08m38s)
val loss: attention: 0.49187421798706055, obj: 34.35990524291992
lr =  0.00017544343610839062
Epoch: 5 / Batch: 200, Att Loss: 0.447, Obj Loss: 0.000 (process time: 0.143, left time: 00h07m43s)
val loss: attention: 0.4779966473579407, obj: 33.7572021484375
lr =  0.00014683812448777677
Epoch: 5 / Batch: 250, Att Loss: 0.451, Obj Loss: 0.000 (process time: 0.108, left time: 00h05m44s)
val loss: attention: 0.4755253195762634, obj: 37.66676712036133
lr =  0.00011893980006917346
Epoch: 5 / Batch: 300, Att Loss: 0.448, Obj Loss: 0.000 (process time: 0.069, left time: 00h03m36s)
val loss: attention: 0.4839812219142914, obj: 35.53947830200195
lr =  9.253233758051572e-05
saving epoch_yolos_frozen_1_cos/yoloatt/model/weight_5
Epoch: 6 / Batch: 50, Att Loss: 0.458, Obj Loss: 0.000 (process time: 0.183, left time: 00h09m21s)
val loss: attention: 0.48555707931518555, obj: 33.69481658935547
lr =  6.296512311652203e-05
Epoch: 6 / Batch: 100, Att Loss: 0.451, Obj Loss: 0.000 (process time: 0.079, left time: 00h03m58s)
val loss: attention: 0.4822501838207245, obj: 32.84959030151367
lr =  4.249385977377337e-05
Epoch: 6 / Batch: 150, Att Loss: 0.448, Obj Loss: 0.000 (process time: 0.118, left time: 00h05m49s)
val loss: attention: 0.4757808744907379, obj: 30.84759521484375
lr =  2.566140243645252e-05
Epoch: 6 / Batch: 200, Att Loss: 0.441, Obj Loss: 0.000 (process time: 0.115, left time: 00h05m37s)
val loss: attention: 0.49277183413505554, obj: 31.161117553710938
lr =  1.294070201436319e-05
Epoch: 6 / Batch: 250, Att Loss: 0.448, Obj Loss: 0.000 (process time: 0.076, left time: 00h03m37s)
val loss: attention: 0.4858544170856476, obj: 31.270601272583008
lr =  4.68917909782085e-06
Epoch: 6 / Batch: 300, Att Loss: 0.443, Obj Loss: 0.000 (process time: 0.104, left time: 00h04m52s)
val loss: attention: 0.4766082465648651, obj: 31.7857723236084
lr =  1.1386813126616015e-06
saving epoch_yolos_frozen_1_cos/yoloatt/model/weight_6
Epoch: 7 / Batch: 50, Att Loss: 0.460, Obj Loss: 0.000 (process time: 0.120, left time: 00h05m32s)
val loss: attention: 0.4699150025844574, obj: 33.8585205078125
lr =  0.00023842046860021848
Epoch: 7 / Batch: 100, Att Loss: 0.454, Obj Loss: 0.000 (process time: 0.116, left time: 00h05m14s)
val loss: attention: 0.4801052212715149, obj: 32.13019561767578
lr =  0.00023342906512814897
Epoch: 7 / Batch: 150, Att Loss: 0.442, Obj Loss: 0.000 (process time: 0.105, left time: 00h04m38s)
val loss: attention: 0.48139452934265137, obj: 33.73622512817383
lr =  0.00022526603582152138
Epoch: 7 / Batch: 200, Att Loss: 0.454, Obj Loss: 0.000 (process time: 0.110, left time: 00h04m48s)
val loss: attention: 0.4910542070865631, obj: 32.25869369506836
lr =  0.00021416074185202674
Epoch: 7 / Batch: 250, Att Loss: 0.443, Obj Loss: 0.000 (process time: 0.100, left time: 00h04m15s)
val loss: attention: 0.49184349179267883, obj: 35.93552780151367
lr =  0.00020042521483698922
Epoch: 7 / Batch: 300, Att Loss: 0.452, Obj Loss: 0.000 (process time: 0.080, left time: 00h03m21s)
val loss: attention: 0.47971925139427185, obj: 32.85798263549805
lr =  0.00018444538951357863
saving epoch_yolos_frozen_1_cos/yoloatt/model/weight_7
Epoch: 8 / Batch: 50, Att Loss: 0.456, Obj Loss: 0.000 (process time: 0.078, left time: 00h03m10s)
val loss: attention: 0.5003126263618469, obj: 32.529884338378906
lr =  0.000162191699410629
Epoch: 8 / Batch: 100, Att Loss: 0.456, Obj Loss: 0.000 (process time: 0.119, left time: 00h04m44s)
val loss: attention: 0.47253450751304626, obj: 34.92195510864258
lr =  0.00014288836884718167
Epoch: 8 / Batch: 150, Att Loss: 0.442, Obj Loss: 0.000 (process time: 0.105, left time: 00h04m06s)
val loss: attention: 0.471665620803833, obj: 40.58245086669922
lr =  0.00012295738471788326
Epoch: 8 / Batch: 200, Att Loss: 0.443, Obj Loss: 0.000 (process time: 0.069, left time: 00h02m39s)
val loss: attention: 0.48949575424194336, obj: 33.5002326965332
lr =  0.00010295875896206824
Epoch: 8 / Batch: 250, Att Loss: 0.441, Obj Loss: 0.000 (process time: 0.069, left time: 00h02m35s)
val loss: attention: 0.47961604595184326, obj: 32.11845779418945
lr =  8.345440408344825e-05
Epoch: 8 / Batch: 300, Att Loss: 0.441, Obj Loss: 0.000 (process time: 0.078, left time: 00h02m52s)
val loss: attention: 0.4726230800151825, obj: 33.16386413574219
lr =  6.499234478216749e-05
saving epoch_yolos_frozen_1_cos/yoloatt/model/weight_8
Epoch: 9 / Batch: 50, Att Loss: 0.453, Obj Loss: 0.000 (process time: 0.102, left time: 00h03m38s)
val loss: attention: 0.4872352182865143, obj: 31.17070198059082
lr =  4.4321230810410496e-05
Epoch: 9 / Batch: 100, Att Loss: 0.436, Obj Loss: 0.000 (process time: 0.131, left time: 00h04m32s)
val loss: attention: 0.4805838167667389, obj: 30.41624641418457
lr =  3.0009303719032726e-05
Epoch: 9 / Batch: 150, Att Loss: 0.442, Obj Loss: 0.000 (process time: 0.113, left time: 00h03m49s)
val loss: attention: 0.4864950180053711, obj: 31.13947868347168
lr =  1.8241348896361953e-05
Epoch: 9 / Batch: 200, Att Loss: 0.436, Obj Loss: 0.000 (process time: 0.120, left time: 00h03m58s)
val loss: attention: 0.47967398166656494, obj: 34.41476058959961
lr =  9.348017110041624e-06
Epoch: 9 / Batch: 250, Att Loss: 0.440, Obj Loss: 0.000 (process time: 0.103, left time: 00h03m18s)
val loss: attention: 0.48582178354263306, obj: 32.558101654052734
lr =  3.5791892464589603e-06
Epoch: 9 / Batch: 300, Att Loss: 0.450, Obj Loss: 0.000 (process time: 0.108, left time: 00h03m23s)
val loss: attention: 0.48281770944595337, obj: 33.539485931396484
lr =  1.0969552685888562e-06
saving epoch_yolos_frozen_1_cos/yoloatt/model/weight_9
Epoch: 10 / Batch: 50, Att Loss: 0.455, Obj Loss: 0.000 (process time: 0.151, left time: 00h04m34s)
val loss: attention: 0.48978370428085327, obj: 32.81319808959961
lr =  0.00016689643533684034
Epoch: 10 / Batch: 100, Att Loss: 0.446, Obj Loss: 0.000 (process time: 0.123, left time: 00h03m38s)
val loss: attention: 0.4801289737224579, obj: 31.939367294311523
lr =  0.00016340871564600535
Epoch: 10 / Batch: 150, Att Loss: 0.440, Obj Loss: 0.000 (process time: 0.120, left time: 00h03m26s)
val loss: attention: 0.4800735414028168, obj: 35.89496994018555
lr =  0.0001577048373262301
Epoch: 10 / Batch: 200, Att Loss: 0.445, Obj Loss: 0.000 (process time: 0.105, left time: 00h02m56s)
val loss: attention: 0.4928155839443207, obj: 33.882591247558594
lr =  0.00014994506541705623
Epoch: 10 / Batch: 250, Att Loss: 0.443, Obj Loss: 0.000 (process time: 0.101, left time: 00h02m43s)
val loss: attention: 0.48650625348091125, obj: 33.448341369628906
lr =  0.00014034743054293532
Epoch: 10 / Batch: 300, Att Loss: 0.444, Obj Loss: 0.000 (process time: 0.072, left time: 00h01m53s)
val loss: attention: 0.4851070046424866, obj: 38.55861282348633
lr =  0.00012918160278558595
saving epoch_yolos_frozen_1_cos/yoloatt/model/weight_10
Epoch: 11 / Batch: 50, Att Loss: 0.454, Obj Loss: 0.000 (process time: 0.133, left time: 00h03m20s)
val loss: attention: 0.48317697644233704, obj: 36.514312744140625
lr =  0.00011363194153297281
Epoch: 11 / Batch: 100, Att Loss: 0.439, Obj Loss: 0.000 (process time: 0.073, left time: 00h01m47s)
val loss: attention: 0.4750711917877197, obj: 33.37254333496094
lr =  0.0001001438301267196
Epoch: 11 / Batch: 150, Att Loss: 0.444, Obj Loss: 0.000 (process time: 0.095, left time: 00h02m13s)
val loss: attention: 0.47276100516319275, obj: 30.340940475463867
lr =  8.621714874452861e-05
Epoch: 11 / Batch: 200, Att Loss: 0.438, Obj Loss: 0.000 (process time: 0.129, left time: 00h02m55s)
val loss: attention: 0.49391523003578186, obj: 33.42414093017578
lr =  7.224320309407257e-05
Epoch: 11 / Batch: 250, Att Loss: 0.433, Obj Loss: 0.000 (process time: 0.143, left time: 00h03m07s)
val loss: attention: 0.48197975754737854, obj: 30.820280075073242
lr =  5.8614626893440836e-05
Epoch: 11 / Batch: 300, Att Loss: 0.441, Obj Loss: 0.000 (process time: 0.082, left time: 00h01m42s)
val loss: attention: 0.485707551240921, obj: 31.560060501098633
lr =  4.5714349823323774e-05
saving epoch_yolos_frozen_1_cos/yoloatt/model/weight_11
Epoch: 12 / Batch: 50, Att Loss: 0.448, Obj Loss: 0.000 (process time: 0.155, left time: 00h03m05s)
val loss: attention: 0.4883395731449127, obj: 29.743528366088867
lr =  3.127050619613246e-05
Epoch: 12 / Batch: 100, Att Loss: 0.443, Obj Loss: 0.000 (process time: 0.085, left time: 00h01m38s)
val loss: attention: 0.4889901280403137, obj: 35.85502243041992
lr =  2.1270114480714298e-05
Epoch: 12 / Batch: 150, Att Loss: 0.437, Obj Loss: 0.000 (process time: 0.111, left time: 00h02m01s)
val loss: attention: 0.4919310212135315, obj: 32.1241455078125
lr =  1.3047311418298549e-05
Epoch: 12 / Batch: 200, Att Loss: 0.431, Obj Loss: 0.000 (process time: 0.131, left time: 00h02m17s)
val loss: attention: 0.4773922860622406, obj: 33.405303955078125
lr =  6.833137677016523e-06
Epoch: 12 / Batch: 250, Att Loss: 0.428, Obj Loss: 0.000 (process time: 0.163, left time: 00h02m43s)
val loss: attention: 0.4825924038887024, obj: 32.34521484375
lr =  2.802196350505637e-06
Epoch: 12 / Batch: 300, Att Loss: 0.443, Obj Loss: 0.000 (process time: 0.069, left time: 00h01m05s)
val loss: attention: 0.4805904030799866, obj: 34.50950622558594
lr =  1.0677470377379345e-06
saving epoch_yolos_frozen_1_cos/yoloatt/model/weight_12
Epoch: 13 / Batch: 50, Att Loss: 0.446, Obj Loss: 0.000 (process time: 0.105, left time: 00h01m32s)
val loss: attention: 0.4856054186820984, obj: 34.25487518310547
lr =  0.00011682961205247548
Epoch: 13 / Batch: 100, Att Loss: 0.437, Obj Loss: 0.000 (process time: 0.121, left time: 00h01m41s)
val loss: attention: 0.4871753752231598, obj: 32.4693489074707
lr =  0.00011439447100850458
Epoch: 13 / Batch: 150, Att Loss: 0.443, Obj Loss: 0.000 (process time: 0.079, left time: 00h01m02s)
val loss: attention: 0.47643032670021057, obj: 34.57789993286133
lr =  0.00011041199837952594
Epoch: 13 / Batch: 200, Att Loss: 0.442, Obj Loss: 0.000 (process time: 0.116, left time: 00h01m25s)
val loss: attention: 0.473572313785553, obj: 38.596229553222656
lr =  0.00010499409191257661
Epoch: 13 / Batch: 250, Att Loss: 0.437, Obj Loss: 0.000 (process time: 0.103, left time: 00h01m10s)
val loss: attention: 0.4831277132034302, obj: 33.507911682128906
lr =  9.829298153709734e-05
Epoch: 13 / Batch: 300, Att Loss: 0.439, Obj Loss: 0.000 (process time: 0.084, left time: 00h00m53s)
val loss: attention: 0.4875316917896271, obj: 33.294857025146484
lr =  9.049695207599098e-05
saving epoch_yolos_frozen_1_cos/yoloatt/model/weight_13
Epoch: 14 / Batch: 50, Att Loss: 0.435, Obj Loss: 0.000 (process time: 0.078, left time: 00h00m44s)
val loss: attention: 0.4964851438999176, obj: 32.829933166503906
lr =  7.964011101861347e-05
Epoch: 14 / Batch: 100, Att Loss: 0.437, Obj Loss: 0.000 (process time: 0.161, left time: 00h01m24s)
val loss: attention: 0.4715818464756012, obj: 30.84684181213379
lr =  7.02226530223961e-05
Epoch: 14 / Batch: 150, Att Loss: 0.437, Obj Loss: 0.000 (process time: 0.076, left time: 00h00m36s)
val loss: attention: 0.48568403720855713, obj: 31.0598087310791
lr =  6.049898356318021e-05
Epoch: 14 / Batch: 200, Att Loss: 0.442, Obj Loss: 0.000 (process time: 0.112, left time: 00h00m47s)
val loss: attention: 0.4767400026321411, obj: 31.25410270690918
lr =  5.074231398647558e-05
Epoch: 14 / Batch: 250, Att Loss: 0.435, Obj Loss: 0.000 (process time: 0.125, left time: 00h00m46s)
val loss: attention: 0.48139217495918274, obj: 34.22943115234375
lr =  4.122678286043565e-05
Epoch: 14 / Batch: 300, Att Loss: 0.437, Obj Loss: 0.000 (process time: 0.084, left time: 00h00m27s)
val loss: attention: 0.4876452088356018, obj: 31.584592819213867
lr =  3.2219753352133244e-05
saving epoch_yolos_frozen_1_cos/yoloatt/model/weight_14
Epoch: 15 / Batch: 50, Att Loss: 0.443, Obj Loss: 0.000 (process time: 0.150, left time: 00h00m39s)
val loss: attention: 0.4880989193916321, obj: 34.84170913696289
lr =  2.2134998966137914e-05
Epoch: 15 / Batch: 100, Att Loss: 0.434, Obj Loss: 0.000 (process time: 0.105, left time: 00h00m22s)
val loss: attention: 0.4838981628417969, obj: 30.899839401245117
lr =  1.5152682013891463e-05
Epoch: 15 / Batch: 150, Att Loss: 0.437, Obj Loss: 0.000 (process time: 0.069, left time: 00h00m11s)
val loss: attention: 0.4857078194618225, obj: 33.94050598144531
lr =  9.411485183654224e-06
Epoch: 15 / Batch: 200, Att Loss: 0.431, Obj Loss: 0.000 (process time: 0.123, left time: 00h00m13s)
val loss: attention: 0.47925809025764465, obj: 35.7896614074707
lr =  5.072722073898979e-06
Epoch: 15 / Batch: 250, Att Loss: 0.433, Obj Loss: 0.000 (process time: 0.111, left time: 00h00m06s)
val loss: attention: 0.4826504588127136, obj: 31.271133422851562
lr =  2.2583013233383167e-06
Epoch: 15 / Batch: 300, Att Loss: 0.432, Obj Loss: 0.000 (process time: 0.117, left time: 00h00m01s)
val loss: attention: 0.4834696352481842, obj: 34.27302551269531
lr =  1.0473012761422898e-06
saving epoch_yolos_frozen_1_cos/yoloatt/model/weight_15
saving epoch_yolos_frozen_1_cos/yoloatt/model/weight_4418
saving epoch_yolos_frozen_1_cos/yoloatt/model/weight_15
Finish
