/opt/ohpc/admin/lmod/lmod/init/bash: line 71: conda: command not found
/opt/ohpc/admin/lmod/lmod/init/bash: line 71: conda: command not found
Message from TWCC HPC admin
-----------------------
loading miniconda3 with conda 4.8.4/python 3.7
docs : https://hackmd.io/@kmo/twcc_hpc_conda
-----------------------

Namespace(batch_size=32, data_path='../data', debug=False, decay_factor=0.1, decay_step=10, epochs=8, height=224, img_size=416, log_path='epoch_yolo2_frozen_1', log_period=50, loss_weight=0.0001, lr=0.0001, model_name='yoloatt', multiscale_training=True, no_cuda=False, num_workers=8, obj_names='./coco.names', obj_path='./', save_period=1, see_grad=False, use_yolov3=False, weight='../weights/yoloatt_v3_2_w.pth', width=320)
Dataset : train, number : 10000
Dataset : val, number : 5000
Load Model from ../weights/yoloatt_v3_2_w.pth
only load model
117264 5000
lr =  0.0001
Epoch: 1 / Batch: 50, Att Loss: 0.836, Obj Loss: 0.000 (process time: 0.106, left time: 00h04m19s)
val loss: attention: 0.6479541659355164, obj: 35.532649993896484
Epoch: 1 / Batch: 100, Att Loss: 0.582, Obj Loss: 0.000 (process time: 0.125, left time: 00h05m00s)
val loss: attention: 0.5549125671386719, obj: 33.76725387573242
Epoch: 1 / Batch: 150, Att Loss: 0.522, Obj Loss: 0.000 (process time: 0.094, left time: 00h03m41s)
val loss: attention: 0.5486704111099243, obj: 34.9362907409668
Epoch: 1 / Batch: 200, Att Loss: 0.501, Obj Loss: 0.000 (process time: 0.114, left time: 00h04m20s)
val loss: attention: 0.51503986120224, obj: 34.17672348022461
Epoch: 1 / Batch: 250, Att Loss: 0.491, Obj Loss: 0.000 (process time: 0.152, left time: 00h05m40s)
val loss: attention: 0.5152716636657715, obj: 37.08122634887695
Epoch: 1 / Batch: 300, Att Loss: 0.490, Obj Loss: 0.000 (process time: 0.096, left time: 00h03m30s)
val loss: attention: 0.5219745635986328, obj: 34.121429443359375
saving epoch_yolo2_frozen_1/yoloatt/model/weight_1
Epoch: 2 / Batch: 50, Att Loss: 0.497, Obj Loss: 0.000 (process time: 0.179, left time: 00h06m22s)
val loss: attention: 0.49431338906288147, obj: 38.4716911315918
Epoch: 2 / Batch: 100, Att Loss: 0.489, Obj Loss: 0.000 (process time: 0.162, left time: 00h05m37s)
val loss: attention: 0.516819417476654, obj: 33.738731384277344
Epoch: 2 / Batch: 150, Att Loss: 0.476, Obj Loss: 0.000 (process time: 0.097, left time: 00h03m16s)
val loss: attention: 0.5160557627677917, obj: 37.91397476196289
Epoch: 2 / Batch: 200, Att Loss: 0.485, Obj Loss: 0.000 (process time: 0.103, left time: 00h03m23s)
val loss: attention: 0.5292799472808838, obj: 40.73917007446289
Epoch: 2 / Batch: 250, Att Loss: 0.484, Obj Loss: 0.000 (process time: 0.153, left time: 00h04m55s)
val loss: attention: 0.513583779335022, obj: 33.47358703613281
Epoch: 2 / Batch: 300, Att Loss: 0.473, Obj Loss: 0.000 (process time: 0.087, left time: 00h02m43s)
val loss: attention: 0.5319839119911194, obj: 37.89154815673828
saving epoch_yolo2_frozen_1/yoloatt/model/weight_2
Epoch: 3 / Batch: 50, Att Loss: 0.495, Obj Loss: 0.000 (process time: 0.192, left time: 00h05m49s)
val loss: attention: 0.4920521676540375, obj: 39.77671432495117
Epoch: 3 / Batch: 100, Att Loss: 0.477, Obj Loss: 0.000 (process time: 0.115, left time: 00h03m24s)
val loss: attention: 0.5054233074188232, obj: 43.68333053588867
Epoch: 3 / Batch: 150, Att Loss: 0.479, Obj Loss: 0.000 (process time: 0.110, left time: 00h03m10s)
val loss: attention: 0.4964906871318817, obj: 33.8094596862793
Epoch: 3 / Batch: 200, Att Loss: 0.474, Obj Loss: 0.000 (process time: 0.128, left time: 00h03m33s)
val loss: attention: 0.5229583382606506, obj: 34.45187759399414
Epoch: 3 / Batch: 250, Att Loss: 0.474, Obj Loss: 0.000 (process time: 0.091, left time: 00h02m28s)
val loss: attention: 0.5103731751441956, obj: 35.68437194824219
Epoch: 3 / Batch: 300, Att Loss: 0.471, Obj Loss: 0.000 (process time: 0.086, left time: 00h02m15s)
val loss: attention: 0.5154971480369568, obj: 32.4785270690918
saving epoch_yolo2_frozen_1/yoloatt/model/weight_3
Epoch: 4 / Batch: 50, Att Loss: 0.487, Obj Loss: 0.000 (process time: 0.092, left time: 00h02m19s)
val loss: attention: 0.5179228186607361, obj: 32.678955078125
Epoch: 4 / Batch: 100, Att Loss: 0.471, Obj Loss: 0.000 (process time: 0.155, left time: 00h03m46s)
val loss: attention: 0.4814836084842682, obj: 32.8393669128418
Epoch: 4 / Batch: 150, Att Loss: 0.474, Obj Loss: 0.000 (process time: 0.191, left time: 00h04m29s)
val loss: attention: 0.5067707896232605, obj: 39.3978271484375
Epoch: 4 / Batch: 200, Att Loss: 0.481, Obj Loss: 0.000 (process time: 0.182, left time: 00h04m07s)
val loss: attention: 0.4980681836605072, obj: 34.82334899902344
Epoch: 4 / Batch: 250, Att Loss: 0.468, Obj Loss: 0.000 (process time: 0.114, left time: 00h02m29s)
val loss: attention: 0.5052895545959473, obj: 34.992122650146484
Epoch: 4 / Batch: 300, Att Loss: 0.473, Obj Loss: 0.000 (process time: 0.158, left time: 00h03m19s)
val loss: attention: 0.5020511746406555, obj: 38.37499237060547
saving epoch_yolo2_frozen_1/yoloatt/model/weight_4
Epoch: 5 / Batch: 50, Att Loss: 0.478, Obj Loss: 0.000 (process time: 0.086, left time: 00h01m43s)
val loss: attention: 0.4962405860424042, obj: 39.571712493896484
Epoch: 5 / Batch: 100, Att Loss: 0.472, Obj Loss: 0.000 (process time: 0.126, left time: 00h02m24s)
val loss: attention: 0.4921224117279053, obj: 35.678565979003906
Epoch: 5 / Batch: 150, Att Loss: 0.470, Obj Loss: 0.000 (process time: 0.144, left time: 00h02m38s)
val loss: attention: 0.511439859867096, obj: 36.927894592285156
Epoch: 5 / Batch: 200, Att Loss: 0.469, Obj Loss: 0.000 (process time: 0.108, left time: 00h01m52s)
val loss: attention: 0.4924171566963196, obj: 36.62040328979492
Epoch: 5 / Batch: 250, Att Loss: 0.467, Obj Loss: 0.000 (process time: 0.125, left time: 00h02m04s)
val loss: attention: 0.5175360441207886, obj: 42.14873123168945
Epoch: 5 / Batch: 300, Att Loss: 0.481, Obj Loss: 0.000 (process time: 0.120, left time: 00h01m53s)
val loss: attention: 0.5187406539916992, obj: 40.11770248413086
saving epoch_yolo2_frozen_1/yoloatt/model/weight_5
Epoch: 6 / Batch: 50, Att Loss: 0.474, Obj Loss: 0.000 (process time: 0.156, left time: 00h02m18s)
val loss: attention: 0.49622321128845215, obj: 36.9664421081543
Epoch: 6 / Batch: 100, Att Loss: 0.471, Obj Loss: 0.000 (process time: 0.118, left time: 00h01m38s)
val loss: attention: 0.49726659059524536, obj: 35.77370834350586
Epoch: 6 / Batch: 150, Att Loss: 0.473, Obj Loss: 0.000 (process time: 0.169, left time: 00h02m12s)
val loss: attention: 0.4939827620983124, obj: 32.88059616088867
Epoch: 6 / Batch: 200, Att Loss: 0.462, Obj Loss: 0.000 (process time: 0.144, left time: 00h01m45s)
val loss: attention: 0.49816495180130005, obj: 33.68306350708008
Epoch: 6 / Batch: 250, Att Loss: 0.465, Obj Loss: 0.000 (process time: 0.134, left time: 00h01m31s)
val loss: attention: 0.5180640816688538, obj: 34.480735778808594
Epoch: 6 / Batch: 300, Att Loss: 0.479, Obj Loss: 0.000 (process time: 0.112, left time: 00h01m11s)
val loss: attention: 0.5147214531898499, obj: 34.031551361083984
saving epoch_yolo2_frozen_1/yoloatt/model/weight_6
Epoch: 7 / Batch: 50, Att Loss: 0.478, Obj Loss: 0.000 (process time: 0.123, left time: 00h01m10s)
val loss: attention: 0.5165333151817322, obj: 36.63623046875
Epoch: 7 / Batch: 100, Att Loss: 0.473, Obj Loss: 0.000 (process time: 0.098, left time: 00h00m51s)
val loss: attention: 0.4980083107948303, obj: 34.21384048461914
slurmstepd: error: *** JOB 169594 ON gn1102 CANCELLED AT 2020-08-30T00:17:58 ***
